[2021-01-25 12:43:06,991] {taskinstance.py:826} INFO - Dependencies all met for <TaskInstance: ge_bash_op_dag.Val_monthlychk 2021-01-25T11:42:41.367893+00:00 [queued]>
[2021-01-25 12:43:07,001] {taskinstance.py:826} INFO - Dependencies all met for <TaskInstance: ge_bash_op_dag.Val_monthlychk 2021-01-25T11:42:41.367893+00:00 [queued]>
[2021-01-25 12:43:07,002] {taskinstance.py:1017} INFO - 
--------------------------------------------------------------------------------
[2021-01-25 12:43:07,002] {taskinstance.py:1018} INFO - Starting attempt 1 of 1
[2021-01-25 12:43:07,002] {taskinstance.py:1019} INFO - 
--------------------------------------------------------------------------------
[2021-01-25 12:43:07,010] {taskinstance.py:1038} INFO - Executing <Task(BashOperator): Val_monthlychk> on 2021-01-25T11:42:41.367893+00:00
[2021-01-25 12:43:07,013] {standard_task_runner.py:51} INFO - Started process 17397 to run task
[2021-01-25 12:43:07,023] {standard_task_runner.py:75} INFO - Running: ['airflow', 'tasks', 'run', 'ge_bash_op_dag', 'Val_monthlychk', '2021-01-25T11:42:41.367893+00:00', '--job-id', '92', '--pool', 'default_pool', '--raw', '--subdir', 'DAGS_FOLDER/ge_bash_op_dag.py', '--cfg-path', '/var/folders/s2/xy3ssc8j3ks3whp2f_b8708c0000gp/T/tmp1j35hrsx']
[2021-01-25 12:43:07,026] {standard_task_runner.py:76} INFO - Job 92: Subtask Val_monthlychk
[2021-01-25 12:43:07,073] {logging_mixin.py:103} INFO - Running <TaskInstance: ge_bash_op_dag.Val_monthlychk 2021-01-25T11:42:41.367893+00:00 [running]> on host admins-air.home
[2021-01-25 12:43:07,111] {taskinstance.py:1230} INFO - Exporting the following env vars:
AIRFLOW_CTX_DAG_EMAIL=sara@acloudfrontier.com
AIRFLOW_CTX_DAG_OWNER=sara
AIRFLOW_CTX_DAG_ID=ge_bash_op_dag
AIRFLOW_CTX_TASK_ID=Val_monthlychk
AIRFLOW_CTX_EXECUTION_DATE=2021-01-25T11:42:41.367893+00:00
AIRFLOW_CTX_DAG_RUN_ID=manual__2021-01-25T11:42:41.367893+00:00
[2021-01-25 12:43:07,112] {bash.py:135} INFO - Tmp dir root location: 
 /var/folders/s2/xy3ssc8j3ks3whp2f_b8708c0000gp/T
[2021-01-25 12:43:07,113] {bash.py:158} INFO - Running command: cd /Users/sara/airflow/dags/snowflake && great_expectations checkpoint run monthlychk
[2021-01-25 12:43:07,123] {bash.py:169} INFO - Output:
[2021-01-25 12:43:09,894] {bash.py:173} INFO - Heads up! This feature is Experimental. It may change. Please give us your feedback!
[2021-01-25 12:43:20,446] {bash.py:173} INFO - Validation failed!
[2021-01-25 12:43:20,478] {bash.py:173} INFO - 
[2021-01-25 12:43:20,479] {bash.py:173} INFO - Suite Name                                   Status     Expectations met
[2021-01-25 12:43:20,479] {bash.py:173} INFO - - taxisuite                                  âœ– Failed   4 of 5 (80.0 %)
[2021-01-25 12:43:22,128] {bash.py:177} INFO - Command exited with return code 1
[2021-01-25 12:43:22,137] {taskinstance.py:1396} ERROR - Bash command failed. The command returned a non-zero exit code.
Traceback (most recent call last):
  File "/Users/sara/p38env_airflow/lib/python3.8/site-packages/airflow/models/taskinstance.py", line 1086, in _run_raw_task
    self._prepare_and_execute_task_with_callbacks(context, task)
  File "/Users/sara/p38env_airflow/lib/python3.8/site-packages/airflow/models/taskinstance.py", line 1260, in _prepare_and_execute_task_with_callbacks
    result = self._execute_task(context, task_copy)
  File "/Users/sara/p38env_airflow/lib/python3.8/site-packages/airflow/models/taskinstance.py", line 1300, in _execute_task
    result = task_copy.execute(context=context)
  File "/Users/sara/p38env_airflow/lib/python3.8/site-packages/airflow/operators/bash.py", line 180, in execute
    raise AirflowException('Bash command failed. The command returned a non-zero exit code.')
airflow.exceptions.AirflowException: Bash command failed. The command returned a non-zero exit code.
[2021-01-25 12:43:22,144] {taskinstance.py:1433} INFO - Marking task as FAILED. dag_id=ge_bash_op_dag, task_id=Val_monthlychk, execution_date=20210125T114241, start_date=20210125T114306, end_date=20210125T114322
[2021-01-25 12:43:22,145] {taskinstance.py:1454} ERROR - Failed at executing callback
[2021-01-25 12:43:22,146] {taskinstance.py:1455} ERROR - unhashable type: 'set'
Traceback (most recent call last):
  File "/Users/sara/p38env_airflow/lib/python3.8/site-packages/airflow/models/taskinstance.py", line 1086, in _run_raw_task
    self._prepare_and_execute_task_with_callbacks(context, task)
  File "/Users/sara/p38env_airflow/lib/python3.8/site-packages/airflow/models/taskinstance.py", line 1260, in _prepare_and_execute_task_with_callbacks
    result = self._execute_task(context, task_copy)
  File "/Users/sara/p38env_airflow/lib/python3.8/site-packages/airflow/models/taskinstance.py", line 1300, in _execute_task
    result = task_copy.execute(context=context)
  File "/Users/sara/p38env_airflow/lib/python3.8/site-packages/airflow/operators/bash.py", line 180, in execute
    raise AirflowException('Bash command failed. The command returned a non-zero exit code.')
airflow.exceptions.AirflowException: Bash command failed. The command returned a non-zero exit code.

During handling of the above exception, another exception occurred:

Traceback (most recent call last):
  File "/Users/sara/p38env_airflow/lib/python3.8/site-packages/airflow/models/taskinstance.py", line 1452, in handle_failure
    callback(context)
  File "/Users/sara/airflow/dags/ge_bash_op_dag.py", line 62, in notify_email
    Check what goes wrong <a href="""+{{ti.log_url}}+"""">Link</a><br><br>
TypeError: unhashable type: 'set'
[2021-01-25 12:43:22,172] {local_task_job.py:118} INFO - Task exited with return code 1
