[2021-02-16 10:41:00,801] {taskinstance.py:826} INFO - Dependencies all met for <TaskInstance: ge_demo_db_dag.build_data_docs 2021-02-16T09:40:22.374836+00:00 [queued]>
[2021-02-16 10:41:00,808] {taskinstance.py:826} INFO - Dependencies all met for <TaskInstance: ge_demo_db_dag.build_data_docs 2021-02-16T09:40:22.374836+00:00 [queued]>
[2021-02-16 10:41:00,809] {taskinstance.py:1017} INFO - 
--------------------------------------------------------------------------------
[2021-02-16 10:41:00,809] {taskinstance.py:1018} INFO - Starting attempt 1 of 1
[2021-02-16 10:41:00,809] {taskinstance.py:1019} INFO - 
--------------------------------------------------------------------------------
[2021-02-16 10:41:00,817] {taskinstance.py:1038} INFO - Executing <Task(BashOperator): build_data_docs> on 2021-02-16T09:40:22.374836+00:00
[2021-02-16 10:41:00,820] {standard_task_runner.py:51} INFO - Started process 9255 to run task
[2021-02-16 10:41:00,828] {standard_task_runner.py:75} INFO - Running: ['airflow', 'tasks', 'run', 'ge_demo_db_dag', 'build_data_docs', '2021-02-16T09:40:22.374836+00:00', '--job-id', '471', '--pool', 'default_pool', '--raw', '--subdir', 'DAGS_FOLDER/ge_demo_db_dag.py', '--cfg-path', '/var/folders/s2/xy3ssc8j3ks3whp2f_b8708c0000gp/T/tmpil0s3cj5']
[2021-02-16 10:41:00,831] {standard_task_runner.py:76} INFO - Job 471: Subtask build_data_docs
[2021-02-16 10:41:00,866] {logging_mixin.py:103} INFO - Running <TaskInstance: ge_demo_db_dag.build_data_docs 2021-02-16T09:40:22.374836+00:00 [running]> on host admins-MacBook-Air.local
[2021-02-16 10:41:00,902] {taskinstance.py:1230} INFO - Exporting the following env vars:
AIRFLOW_CTX_DAG_EMAIL=sara@acloudfrontier.com
AIRFLOW_CTX_DAG_OWNER=sara
AIRFLOW_CTX_DAG_ID=ge_demo_db_dag
AIRFLOW_CTX_TASK_ID=build_data_docs
AIRFLOW_CTX_EXECUTION_DATE=2021-02-16T09:40:22.374836+00:00
AIRFLOW_CTX_DAG_RUN_ID=manual__2021-02-16T09:40:22.374836+00:00
[2021-02-16 10:41:00,903] {bash.py:135} INFO - Tmp dir root location: 
 /var/folders/s2/xy3ssc8j3ks3whp2f_b8708c0000gp/T
[2021-02-16 10:41:00,904] {bash.py:158} INFO - Running command: cd /Users/sara/airflow/dags/snowflake/ge_demo_db && great_expectations build docs
[2021-02-16 10:41:00,913] {bash.py:169} INFO - Output:
[2021-02-16 10:41:04,170] {bash.py:173} INFO - Usage: great_expectations [OPTIONS] COMMAND [ARGS]...
[2021-02-16 10:41:04,171] {bash.py:173} INFO - Try 'great_expectations --help' for help.
[2021-02-16 10:41:04,172] {bash.py:173} INFO - 
[2021-02-16 10:41:04,172] {bash.py:173} INFO - Error: No such command 'build'.
[2021-02-16 10:41:04,679] {bash.py:177} INFO - Command exited with return code 2
[2021-02-16 10:41:04,689] {taskinstance.py:1396} ERROR - Bash command failed. The command returned a non-zero exit code.
Traceback (most recent call last):
  File "/Users/sara/p38_demo_env/lib/python3.8/site-packages/airflow/models/taskinstance.py", line 1086, in _run_raw_task
    self._prepare_and_execute_task_with_callbacks(context, task)
  File "/Users/sara/p38_demo_env/lib/python3.8/site-packages/airflow/models/taskinstance.py", line 1260, in _prepare_and_execute_task_with_callbacks
    result = self._execute_task(context, task_copy)
  File "/Users/sara/p38_demo_env/lib/python3.8/site-packages/airflow/models/taskinstance.py", line 1300, in _execute_task
    result = task_copy.execute(context=context)
  File "/Users/sara/p38_demo_env/lib/python3.8/site-packages/airflow/operators/bash.py", line 180, in execute
    raise AirflowException('Bash command failed. The command returned a non-zero exit code.')
airflow.exceptions.AirflowException: Bash command failed. The command returned a non-zero exit code.
[2021-02-16 10:41:04,694] {taskinstance.py:1433} INFO - Marking task as FAILED. dag_id=ge_demo_db_dag, task_id=build_data_docs, execution_date=20210216T094022, start_date=20210216T094100, end_date=20210216T094104
[2021-02-16 10:41:04,722] {local_task_job.py:118} INFO - Task exited with return code 1
