[2021-01-24 18:49:33,837] {taskinstance.py:826} INFO - Dependencies all met for <TaskInstance: ge_bash_op_dag.validation_task 2021-01-24T17:49:19.400016+00:00 [queued]>
[2021-01-24 18:49:33,843] {taskinstance.py:826} INFO - Dependencies all met for <TaskInstance: ge_bash_op_dag.validation_task 2021-01-24T17:49:19.400016+00:00 [queued]>
[2021-01-24 18:49:33,843] {taskinstance.py:1017} INFO - 
--------------------------------------------------------------------------------
[2021-01-24 18:49:33,843] {taskinstance.py:1018} INFO - Starting attempt 1 of 1
[2021-01-24 18:49:33,843] {taskinstance.py:1019} INFO - 
--------------------------------------------------------------------------------
[2021-01-24 18:49:33,850] {taskinstance.py:1038} INFO - Executing <Task(BashOperator): validation_task> on 2021-01-24T17:49:19.400016+00:00
[2021-01-24 18:49:33,853] {standard_task_runner.py:51} INFO - Started process 17092 to run task
[2021-01-24 18:49:33,861] {standard_task_runner.py:75} INFO - Running: ['airflow', 'tasks', 'run', 'ge_bash_op_dag', 'validation_task', '2021-01-24T17:49:19.400016+00:00', '--job-id', '40', '--pool', 'default_pool', '--raw', '--subdir', 'DAGS_FOLDER/ge_bash_op_dag.py', '--cfg-path', '/var/folders/s2/xy3ssc8j3ks3whp2f_b8708c0000gp/T/tmp4wz1qoeq']
[2021-01-24 18:49:33,863] {standard_task_runner.py:76} INFO - Job 40: Subtask validation_task
[2021-01-24 18:49:33,898] {logging_mixin.py:103} INFO - Running <TaskInstance: ge_bash_op_dag.validation_task 2021-01-24T17:49:19.400016+00:00 [running]> on host admins-air.home
[2021-01-24 18:49:33,930] {taskinstance.py:1230} INFO - Exporting the following env vars:
AIRFLOW_CTX_DAG_EMAIL=sara@acloudfrontier.com
AIRFLOW_CTX_DAG_OWNER=sara
AIRFLOW_CTX_DAG_ID=ge_bash_op_dag
AIRFLOW_CTX_TASK_ID=validation_task
AIRFLOW_CTX_EXECUTION_DATE=2021-01-24T17:49:19.400016+00:00
AIRFLOW_CTX_DAG_RUN_ID=manual__2021-01-24T17:49:19.400016+00:00
[2021-01-24 18:49:33,931] {bash.py:135} INFO - Tmp dir root location: 
 /var/folders/s2/xy3ssc8j3ks3whp2f_b8708c0000gp/T
[2021-01-24 18:49:33,932] {bash.py:158} INFO - Running command: great_expectations checkpoint run januarychk
[2021-01-24 18:49:33,941] {bash.py:169} INFO - Output:
[2021-01-24 18:49:36,140] {bash.py:173} INFO - Heads up! This feature is Experimental. It may change. Please give us your feedback!
[2021-01-24 18:49:36,141] {bash.py:173} INFO - Error: No great_expectations directory was found here!
[2021-01-24 18:49:36,141] {bash.py:173} INFO -     - Please check that you are in the correct directory or have specified the correct directory.
[2021-01-24 18:49:36,142] {bash.py:173} INFO -     - If you have never run Great Expectations in this project, please run `great_expectations init` to get started.
[2021-01-24 18:49:36,142] {bash.py:173} INFO - 
[2021-01-24 18:49:36,517] {bash.py:177} INFO - Command exited with return code 1
[2021-01-24 18:49:36,526] {taskinstance.py:1396} ERROR - Bash command failed. The command returned a non-zero exit code.
Traceback (most recent call last):
  File "/Users/sara/p38env_airflow/lib/python3.8/site-packages/airflow/models/taskinstance.py", line 1086, in _run_raw_task
    self._prepare_and_execute_task_with_callbacks(context, task)
  File "/Users/sara/p38env_airflow/lib/python3.8/site-packages/airflow/models/taskinstance.py", line 1260, in _prepare_and_execute_task_with_callbacks
    result = self._execute_task(context, task_copy)
  File "/Users/sara/p38env_airflow/lib/python3.8/site-packages/airflow/models/taskinstance.py", line 1300, in _execute_task
    result = task_copy.execute(context=context)
  File "/Users/sara/p38env_airflow/lib/python3.8/site-packages/airflow/operators/bash.py", line 180, in execute
    raise AirflowException('Bash command failed. The command returned a non-zero exit code.')
airflow.exceptions.AirflowException: Bash command failed. The command returned a non-zero exit code.
[2021-01-24 18:49:36,529] {taskinstance.py:1433} INFO - Marking task as FAILED. dag_id=ge_bash_op_dag, task_id=validation_task, execution_date=20210124T174919, start_date=20210124T174933, end_date=20210124T174936
[2021-01-24 18:49:36,574] {local_task_job.py:118} INFO - Task exited with return code 1
