[2021-01-25 12:34:51,038] {taskinstance.py:826} INFO - Dependencies all met for <TaskInstance: ge_bash_op_dag.Val_monthlychk 2021-01-25T11:34:24.250473+00:00 [queued]>
[2021-01-25 12:34:51,046] {taskinstance.py:826} INFO - Dependencies all met for <TaskInstance: ge_bash_op_dag.Val_monthlychk 2021-01-25T11:34:24.250473+00:00 [queued]>
[2021-01-25 12:34:51,046] {taskinstance.py:1017} INFO - 
--------------------------------------------------------------------------------
[2021-01-25 12:34:51,046] {taskinstance.py:1018} INFO - Starting attempt 1 of 1
[2021-01-25 12:34:51,046] {taskinstance.py:1019} INFO - 
--------------------------------------------------------------------------------
[2021-01-25 12:34:51,058] {taskinstance.py:1038} INFO - Executing <Task(BashOperator): Val_monthlychk> on 2021-01-25T11:34:24.250473+00:00
[2021-01-25 12:34:51,063] {standard_task_runner.py:51} INFO - Started process 16856 to run task
[2021-01-25 12:34:51,081] {standard_task_runner.py:75} INFO - Running: ['airflow', 'tasks', 'run', 'ge_bash_op_dag', 'Val_monthlychk', '2021-01-25T11:34:24.250473+00:00', '--job-id', '88', '--pool', 'default_pool', '--raw', '--subdir', 'DAGS_FOLDER/ge_bash_op_dag.py', '--cfg-path', '/var/folders/s2/xy3ssc8j3ks3whp2f_b8708c0000gp/T/tmprjksghz6']
[2021-01-25 12:34:51,084] {standard_task_runner.py:76} INFO - Job 88: Subtask Val_monthlychk
[2021-01-25 12:34:51,151] {logging_mixin.py:103} INFO - Running <TaskInstance: ge_bash_op_dag.Val_monthlychk 2021-01-25T11:34:24.250473+00:00 [running]> on host admins-air.home
[2021-01-25 12:34:51,190] {taskinstance.py:1230} INFO - Exporting the following env vars:
AIRFLOW_CTX_DAG_EMAIL=sara@acloudfrontier.com
AIRFLOW_CTX_DAG_OWNER=sara
AIRFLOW_CTX_DAG_ID=ge_bash_op_dag
AIRFLOW_CTX_TASK_ID=Val_monthlychk
AIRFLOW_CTX_EXECUTION_DATE=2021-01-25T11:34:24.250473+00:00
AIRFLOW_CTX_DAG_RUN_ID=manual__2021-01-25T11:34:24.250473+00:00
[2021-01-25 12:34:51,191] {bash.py:135} INFO - Tmp dir root location: 
 /var/folders/s2/xy3ssc8j3ks3whp2f_b8708c0000gp/T
[2021-01-25 12:34:51,192] {bash.py:158} INFO - Running command: cd /Users/sara/airflow/dags/snowflake && great_expectations checkpoint run monthlychk
[2021-01-25 12:34:51,213] {bash.py:169} INFO - Output:
[2021-01-25 12:34:54,936] {bash.py:173} INFO - Heads up! This feature is Experimental. It may change. Please give us your feedback!
[2021-01-25 12:35:06,841] {bash.py:173} INFO - Validation failed!
[2021-01-25 12:35:06,855] {bash.py:173} INFO - 
[2021-01-25 12:35:06,856] {bash.py:173} INFO - Suite Name                                   Status     Expectations met
[2021-01-25 12:35:06,856] {bash.py:173} INFO - - taxisuite                                  âœ– Failed   4 of 5 (80.0 %)
[2021-01-25 12:35:08,337] {bash.py:177} INFO - Command exited with return code 1
[2021-01-25 12:35:08,352] {taskinstance.py:1396} ERROR - Bash command failed. The command returned a non-zero exit code.
Traceback (most recent call last):
  File "/Users/sara/p38env_airflow/lib/python3.8/site-packages/airflow/models/taskinstance.py", line 1086, in _run_raw_task
    self._prepare_and_execute_task_with_callbacks(context, task)
  File "/Users/sara/p38env_airflow/lib/python3.8/site-packages/airflow/models/taskinstance.py", line 1260, in _prepare_and_execute_task_with_callbacks
    result = self._execute_task(context, task_copy)
  File "/Users/sara/p38env_airflow/lib/python3.8/site-packages/airflow/models/taskinstance.py", line 1300, in _execute_task
    result = task_copy.execute(context=context)
  File "/Users/sara/p38env_airflow/lib/python3.8/site-packages/airflow/operators/bash.py", line 180, in execute
    raise AirflowException('Bash command failed. The command returned a non-zero exit code.')
airflow.exceptions.AirflowException: Bash command failed. The command returned a non-zero exit code.
[2021-01-25 12:35:08,361] {taskinstance.py:1433} INFO - Marking task as FAILED. dag_id=ge_bash_op_dag, task_id=Val_monthlychk, execution_date=20210125T113424, start_date=20210125T113451, end_date=20210125T113508
[2021-01-25 12:35:08,361] {taskinstance.py:1454} ERROR - Failed at executing callback
[2021-01-25 12:35:08,361] {taskinstance.py:1455} ERROR - name 'conf' is not defined
Traceback (most recent call last):
  File "/Users/sara/p38env_airflow/lib/python3.8/site-packages/airflow/models/taskinstance.py", line 1086, in _run_raw_task
    self._prepare_and_execute_task_with_callbacks(context, task)
  File "/Users/sara/p38env_airflow/lib/python3.8/site-packages/airflow/models/taskinstance.py", line 1260, in _prepare_and_execute_task_with_callbacks
    result = self._execute_task(context, task_copy)
  File "/Users/sara/p38env_airflow/lib/python3.8/site-packages/airflow/models/taskinstance.py", line 1300, in _execute_task
    result = task_copy.execute(context=context)
  File "/Users/sara/p38env_airflow/lib/python3.8/site-packages/airflow/operators/bash.py", line 180, in execute
    raise AirflowException('Bash command failed. The command returned a non-zero exit code.')
airflow.exceptions.AirflowException: Bash command failed. The command returned a non-zero exit code.

During handling of the above exception, another exception occurred:

Traceback (most recent call last):
  File "/Users/sara/p38env_airflow/lib/python3.8/site-packages/airflow/models/taskinstance.py", line 1452, in handle_failure
    callback(context)
  File "/Users/sara/airflow/dags/ge_bash_op_dag.py", line 53, in notify_email
    logs_link = '{}/log?task_id={}&dag_id={}&execution_date={}'.format(conf.get("webserver", "base_url"), ti.task_id, ti.dag_id, ti.execution_date)
NameError: name 'conf' is not defined
[2021-01-25 12:35:08,417] {local_task_job.py:118} INFO - Task exited with return code 1
