[2021-02-09 11:14:37,563] {taskinstance.py:826} INFO - Dependencies all met for <TaskInstance: ge_quarantine_df_dag.GE_val_monthlychk 2021-02-09T10:14:16.781616+00:00 [queued]>
[2021-02-09 11:14:37,568] {taskinstance.py:826} INFO - Dependencies all met for <TaskInstance: ge_quarantine_df_dag.GE_val_monthlychk 2021-02-09T10:14:16.781616+00:00 [queued]>
[2021-02-09 11:14:37,569] {taskinstance.py:1017} INFO - 
--------------------------------------------------------------------------------
[2021-02-09 11:14:37,569] {taskinstance.py:1018} INFO - Starting attempt 1 of 1
[2021-02-09 11:14:37,569] {taskinstance.py:1019} INFO - 
--------------------------------------------------------------------------------
[2021-02-09 11:14:37,577] {taskinstance.py:1038} INFO - Executing <Task(BashOperator): GE_val_monthlychk> on 2021-02-09T10:14:16.781616+00:00
[2021-02-09 11:14:37,580] {standard_task_runner.py:51} INFO - Started process 36321 to run task
[2021-02-09 11:14:37,587] {standard_task_runner.py:75} INFO - Running: ['airflow', 'tasks', 'run', 'ge_quarantine_df_dag', 'GE_val_monthlychk', '2021-02-09T10:14:16.781616+00:00', '--job-id', '420', '--pool', 'default_pool', '--raw', '--subdir', 'DAGS_FOLDER/ge_quarantine_df_dag.py', '--cfg-path', '/var/folders/s2/xy3ssc8j3ks3whp2f_b8708c0000gp/T/tmpg2vq67b_']
[2021-02-09 11:14:37,590] {standard_task_runner.py:76} INFO - Job 420: Subtask GE_val_monthlychk
[2021-02-09 11:14:37,623] {logging_mixin.py:103} INFO - Running <TaskInstance: ge_quarantine_df_dag.GE_val_monthlychk 2021-02-09T10:14:16.781616+00:00 [running]> on host 1.0.0.0.0.0.0.0.0.0.0.0.0.0.0.0.0.0.0.0.0.0.0.0.0.0.0.0.0.0.0.0.ip6.arpa
[2021-02-09 11:14:37,652] {taskinstance.py:1230} INFO - Exporting the following env vars:
AIRFLOW_CTX_DAG_EMAIL=sara@acloudfrontier.com
AIRFLOW_CTX_DAG_OWNER=sara
AIRFLOW_CTX_DAG_ID=ge_quarantine_df_dag
AIRFLOW_CTX_TASK_ID=GE_val_monthlychk
AIRFLOW_CTX_EXECUTION_DATE=2021-02-09T10:14:16.781616+00:00
AIRFLOW_CTX_DAG_RUN_ID=manual__2021-02-09T10:14:16.781616+00:00
[2021-02-09 11:14:37,652] {bash.py:135} INFO - Tmp dir root location: 
 /var/folders/s2/xy3ssc8j3ks3whp2f_b8708c0000gp/T
[2021-02-09 11:14:37,653] {bash.py:158} INFO - Running command: cd /Users/sara/airflow/dags/demo && python3 great_expectations/uncommitted/run_monthlychk.py
[2021-02-09 11:14:37,661] {bash.py:169} INFO - Output:
[2021-02-09 11:14:40,844] {bash.py:173} INFO - You appear to be using a legacy capability with the latest config version (3.0).
[2021-02-09 11:14:40,845] {bash.py:173} INFO -     Your data context with this configuration version uses validation_operators, which are being deprecated.  Please update your configuration to be compatible with the version number 3.
[2021-02-09 11:14:43,948] {bash.py:173} INFO - Traceback (most recent call last):
[2021-02-09 11:14:43,949] {bash.py:173} INFO -   File "great_expectations/uncommitted/run_monthlychk.py", line 39, in <module>
[2021-02-09 11:14:43,949] {bash.py:173} INFO -     suite = context.get_expectation_suite(suite_name)
[2021-02-09 11:14:43,950] {bash.py:173} INFO -   File "/Users/sara/Dropbox/My Mac (admin’s MacBook Air)/Desktop/demo/great_expectations/great_expectations/data_context/data_context.py", line 1992, in get_expectation_suite
[2021-02-09 11:14:43,950] {bash.py:173} INFO -     return self.expectations_store.get(key)
[2021-02-09 11:14:43,951] {bash.py:173} INFO -   File "/Users/sara/Dropbox/My Mac (admin’s MacBook Air)/Desktop/demo/great_expectations/great_expectations/data_context/store/store.py", line 123, in get
[2021-02-09 11:14:43,951] {bash.py:173} INFO -     return self.deserialize(key, value)
[2021-02-09 11:14:43,951] {bash.py:173} INFO -   File "/Users/sara/Dropbox/My Mac (admin’s MacBook Air)/Desktop/demo/great_expectations/great_expectations/data_context/store/expectations_store.py", line 160, in deserialize
[2021-02-09 11:14:43,952] {bash.py:173} INFO -     return self._expectationSuiteSchema.loads(value)
[2021-02-09 11:14:43,952] {bash.py:173} INFO -   File "/Users/sara/Dropbox/My Mac (admin’s MacBook Air)/Desktop/demo/great_expectations/great_expectations/marshmallow__shade/schema.py", line 768, in loads
[2021-02-09 11:14:43,952] {bash.py:173} INFO -     data = self.opts.render_module.loads(json_data, **kwargs)
[2021-02-09 11:14:43,953] {bash.py:173} INFO -   File "/Library/Frameworks/Python.framework/Versions/3.8/lib/python3.8/json/__init__.py", line 357, in loads
[2021-02-09 11:14:43,953] {bash.py:173} INFO -     return _default_decoder.decode(s)
[2021-02-09 11:14:43,954] {bash.py:173} INFO -   File "/Library/Frameworks/Python.framework/Versions/3.8/lib/python3.8/json/decoder.py", line 337, in decode
[2021-02-09 11:14:43,954] {bash.py:173} INFO -     obj, end = self.raw_decode(s, idx=_w(s, 0).end())
[2021-02-09 11:14:43,955] {bash.py:173} INFO -   File "/Library/Frameworks/Python.framework/Versions/3.8/lib/python3.8/json/decoder.py", line 353, in raw_decode
[2021-02-09 11:14:43,955] {bash.py:173} INFO -     obj, end = self.scan_once(s, idx)
[2021-02-09 11:14:43,956] {bash.py:173} INFO - json.decoder.JSONDecodeError: Expecting property name enclosed in double quotes: line 174 column 7 (char 3853)
[2021-02-09 11:14:44,884] {bash.py:177} INFO - Command exited with return code 1
[2021-02-09 11:14:44,896] {taskinstance.py:1396} ERROR - Bash command failed. The command returned a non-zero exit code.
Traceback (most recent call last):
  File "/Users/sara/p38_demo_env/lib/python3.8/site-packages/airflow/models/taskinstance.py", line 1086, in _run_raw_task
    self._prepare_and_execute_task_with_callbacks(context, task)
  File "/Users/sara/p38_demo_env/lib/python3.8/site-packages/airflow/models/taskinstance.py", line 1260, in _prepare_and_execute_task_with_callbacks
    result = self._execute_task(context, task_copy)
  File "/Users/sara/p38_demo_env/lib/python3.8/site-packages/airflow/models/taskinstance.py", line 1300, in _execute_task
    result = task_copy.execute(context=context)
  File "/Users/sara/p38_demo_env/lib/python3.8/site-packages/airflow/operators/bash.py", line 180, in execute
    raise AirflowException('Bash command failed. The command returned a non-zero exit code.')
airflow.exceptions.AirflowException: Bash command failed. The command returned a non-zero exit code.
[2021-02-09 11:14:44,905] {taskinstance.py:1433} INFO - Marking task as FAILED. dag_id=ge_quarantine_df_dag, task_id=GE_val_monthlychk, execution_date=20210209T101416, start_date=20210209T101437, end_date=20210209T101444
[2021-02-09 11:14:44,908] {email.py:184} INFO - Email alerting: attempt 1
[2021-02-09 11:14:48,774] {email.py:196} INFO - Sent an alert email to ['sara@acloudfrontier.com']
[2021-02-09 11:14:53,466] {local_task_job.py:118} INFO - Task exited with return code 1
