[2021-01-28 20:45:57,568] {taskinstance.py:826} INFO - Dependencies all met for <TaskInstance: ge_quarantine_df_dag.Val_monthlychk 2021-01-28T14:37:46.395621+00:00 [queued]>
[2021-01-28 20:45:57,576] {taskinstance.py:826} INFO - Dependencies all met for <TaskInstance: ge_quarantine_df_dag.Val_monthlychk 2021-01-28T14:37:46.395621+00:00 [queued]>
[2021-01-28 20:45:57,576] {taskinstance.py:1017} INFO - 
--------------------------------------------------------------------------------
[2021-01-28 20:45:57,576] {taskinstance.py:1018} INFO - Starting attempt 1 of 1
[2021-01-28 20:45:57,576] {taskinstance.py:1019} INFO - 
--------------------------------------------------------------------------------
[2021-01-28 20:45:57,583] {taskinstance.py:1038} INFO - Executing <Task(BashOperator): Val_monthlychk> on 2021-01-28T14:37:46.395621+00:00
[2021-01-28 20:45:57,586] {standard_task_runner.py:51} INFO - Started process 21728 to run task
[2021-01-28 20:45:57,594] {standard_task_runner.py:75} INFO - Running: ['airflow', 'tasks', 'run', 'ge_quarantine_df_dag', 'Val_monthlychk', '2021-01-28T14:37:46.395621+00:00', '--job-id', '187', '--pool', 'default_pool', '--raw', '--subdir', 'DAGS_FOLDER/ge_quarantine_df_dag.py', '--cfg-path', '/var/folders/s2/xy3ssc8j3ks3whp2f_b8708c0000gp/T/tmpt6r02830']
[2021-01-28 20:45:57,597] {standard_task_runner.py:76} INFO - Job 187: Subtask Val_monthlychk
[2021-01-28 20:45:57,634] {logging_mixin.py:103} INFO - Running <TaskInstance: ge_quarantine_df_dag.Val_monthlychk 2021-01-28T14:37:46.395621+00:00 [running]> on host admins-air.home
[2021-01-28 20:45:57,670] {taskinstance.py:1230} INFO - Exporting the following env vars:
AIRFLOW_CTX_DAG_EMAIL=sara@acloudfrontier.com
AIRFLOW_CTX_DAG_OWNER=sara
AIRFLOW_CTX_DAG_ID=ge_quarantine_df_dag
AIRFLOW_CTX_TASK_ID=Val_monthlychk
AIRFLOW_CTX_EXECUTION_DATE=2021-01-28T14:37:46.395621+00:00
AIRFLOW_CTX_DAG_RUN_ID=manual__2021-01-28T14:37:46.395621+00:00
[2021-01-28 20:45:57,671] {bash.py:135} INFO - Tmp dir root location: 
 /var/folders/s2/xy3ssc8j3ks3whp2f_b8708c0000gp/T
[2021-01-28 20:45:57,673] {bash.py:158} INFO - Running command: cd /Users/sara/airflow/dags/snowflake && great_expectations checkpoint run monthlychk
[2021-01-28 20:45:57,683] {bash.py:169} INFO - Output:
[2021-01-28 20:46:00,176] {bash.py:173} INFO - Heads up! This feature is Experimental. It may change. Please give us your feedback!
[2021-01-28 20:46:04,858] {bash.py:173} INFO - Validation failed!
[2021-01-28 20:46:04,868] {bash.py:173} INFO - 
[2021-01-28 20:46:04,868] {bash.py:173} INFO - Suite Name                                   Status     Expectations met
[2021-01-28 20:46:04,869] {bash.py:173} INFO - - taxisuite                                  âœ– Failed   0 of 1 (0.0 %)
[2021-01-28 20:46:06,393] {bash.py:177} INFO - Command exited with return code 1
[2021-01-28 20:46:06,406] {taskinstance.py:1396} ERROR - Bash command failed. The command returned a non-zero exit code.
Traceback (most recent call last):
  File "/Users/sara/p38env_airflow/lib/python3.8/site-packages/airflow/models/taskinstance.py", line 1086, in _run_raw_task
    self._prepare_and_execute_task_with_callbacks(context, task)
  File "/Users/sara/p38env_airflow/lib/python3.8/site-packages/airflow/models/taskinstance.py", line 1260, in _prepare_and_execute_task_with_callbacks
    result = self._execute_task(context, task_copy)
  File "/Users/sara/p38env_airflow/lib/python3.8/site-packages/airflow/models/taskinstance.py", line 1300, in _execute_task
    result = task_copy.execute(context=context)
  File "/Users/sara/p38env_airflow/lib/python3.8/site-packages/airflow/operators/bash.py", line 180, in execute
    raise AirflowException('Bash command failed. The command returned a non-zero exit code.')
airflow.exceptions.AirflowException: Bash command failed. The command returned a non-zero exit code.
[2021-01-28 20:46:06,414] {taskinstance.py:1433} INFO - Marking task as FAILED. dag_id=ge_quarantine_df_dag, task_id=Val_monthlychk, execution_date=20210128T143746, start_date=20210128T194557, end_date=20210128T194606
[2021-01-28 20:46:06,417] {email.py:184} INFO - Email alerting: attempt 1
[2021-01-28 20:46:07,963] {email.py:196} INFO - Sent an alert email to ['sara@acloudfrontier.com']
[2021-01-28 21:04:06,337] {taskinstance.py:1454} ERROR - Failed at executing callback
[2021-01-28 21:04:06,339] {taskinstance.py:1455} ERROR - Connection unexpectedly closed: The read operation timed out
Traceback (most recent call last):
  File "/Users/sara/p38env_airflow/lib/python3.8/site-packages/airflow/models/taskinstance.py", line 1086, in _run_raw_task
    self._prepare_and_execute_task_with_callbacks(context, task)
  File "/Users/sara/p38env_airflow/lib/python3.8/site-packages/airflow/models/taskinstance.py", line 1260, in _prepare_and_execute_task_with_callbacks
    result = self._execute_task(context, task_copy)
  File "/Users/sara/p38env_airflow/lib/python3.8/site-packages/airflow/models/taskinstance.py", line 1300, in _execute_task
    result = task_copy.execute(context=context)
  File "/Users/sara/p38env_airflow/lib/python3.8/site-packages/airflow/operators/bash.py", line 180, in execute
    raise AirflowException('Bash command failed. The command returned a non-zero exit code.')
airflow.exceptions.AirflowException: Bash command failed. The command returned a non-zero exit code.

During handling of the above exception, another exception occurred:

Traceback (most recent call last):
  File "/Library/Frameworks/Python.framework/Versions/3.8/lib/python3.8/smtplib.py", line 391, in getreply
    line = self.file.readline(_MAXLINE + 1)
  File "/Library/Frameworks/Python.framework/Versions/3.8/lib/python3.8/socket.py", line 669, in readinto
    return self._sock.recv_into(b)
  File "/Library/Frameworks/Python.framework/Versions/3.8/lib/python3.8/ssl.py", line 1241, in recv_into
    return self.read(nbytes, buffer)
  File "/Library/Frameworks/Python.framework/Versions/3.8/lib/python3.8/ssl.py", line 1099, in read
    return self._sslobj.read(len, buffer)
socket.timeout: The read operation timed out

During handling of the above exception, another exception occurred:

Traceback (most recent call last):
  File "/Users/sara/p38env_airflow/lib/python3.8/site-packages/airflow/models/taskinstance.py", line 1452, in handle_failure
    callback(context)
  File "/Users/sara/airflow/dags/ge_quarantine_df_dag.py", line 65, in notify_email
    send_email('sara@acloudfrontier.com', title, body)
  File "/Users/sara/p38env_airflow/lib/python3.8/site-packages/airflow/utils/email.py", line 52, in send_email
    return backend(
  File "/Users/sara/p38env_airflow/lib/python3.8/site-packages/airflow/utils/email.py", line 97, in send_email_smtp
    send_mime_email(e_from=smtp_mail_from, e_to=recipients, mime_msg=msg, dryrun=dryrun)
  File "/Users/sara/p38env_airflow/lib/python3.8/site-packages/airflow/utils/email.py", line 197, in send_mime_email
    conn.sendmail(e_from, e_to, mime_msg.as_string())
  File "/Library/Frameworks/Python.framework/Versions/3.8/lib/python3.8/smtplib.py", line 886, in sendmail
    (code, resp) = self.data(msg)
  File "/Library/Frameworks/Python.framework/Versions/3.8/lib/python3.8/smtplib.py", line 573, in data
    (code, msg) = self.getreply()
  File "/Library/Frameworks/Python.framework/Versions/3.8/lib/python3.8/smtplib.py", line 394, in getreply
    raise SMTPServerDisconnected("Connection unexpectedly closed: "
smtplib.SMTPServerDisconnected: Connection unexpectedly closed: The read operation timed out
[2021-01-28 21:04:06,412] {local_task_job.py:118} INFO - Task exited with return code 1
