[2021-01-21 11:28:47,622] {taskinstance.py:826} INFO - Dependencies all met for <TaskInstance: ge_dag.validation_task 2021-01-21T10:28:41.064165+00:00 [queued]>
[2021-01-21 11:28:47,630] {taskinstance.py:826} INFO - Dependencies all met for <TaskInstance: ge_dag.validation_task 2021-01-21T10:28:41.064165+00:00 [queued]>
[2021-01-21 11:28:47,630] {taskinstance.py:1017} INFO - 
--------------------------------------------------------------------------------
[2021-01-21 11:28:47,630] {taskinstance.py:1018} INFO - Starting attempt 1 of 1
[2021-01-21 11:28:47,630] {taskinstance.py:1019} INFO - 
--------------------------------------------------------------------------------
[2021-01-21 11:28:47,640] {taskinstance.py:1038} INFO - Executing <Task(BashOperator): validation_task> on 2021-01-21T10:28:41.064165+00:00
[2021-01-21 11:28:47,644] {standard_task_runner.py:51} INFO - Started process 10186 to run task
[2021-01-21 11:28:47,654] {standard_task_runner.py:75} INFO - Running: ['airflow', 'tasks', 'run', 'ge_dag', 'validation_task', '2021-01-21T10:28:41.064165+00:00', '--job-id', '8', '--pool', 'default_pool', '--raw', '--subdir', 'DAGS_FOLDER/ge_dag.py', '--cfg-path', '/var/folders/s2/xy3ssc8j3ks3whp2f_b8708c0000gp/T/tmp0n_vjdeu']
[2021-01-21 11:28:47,657] {standard_task_runner.py:76} INFO - Job 8: Subtask validation_task
[2021-01-21 11:28:47,701] {logging_mixin.py:103} INFO - Running <TaskInstance: ge_dag.validation_task 2021-01-21T10:28:41.064165+00:00 [running]> on host admins-air.home
[2021-01-21 11:28:47,738] {taskinstance.py:1230} INFO - Exporting the following env vars:
AIRFLOW_CTX_DAG_EMAIL=sara@acloudfrontier.com
AIRFLOW_CTX_DAG_OWNER=sara
AIRFLOW_CTX_DAG_ID=ge_dag
AIRFLOW_CTX_TASK_ID=validation_task
AIRFLOW_CTX_EXECUTION_DATE=2021-01-21T10:28:41.064165+00:00
AIRFLOW_CTX_DAG_RUN_ID=manual__2021-01-21T10:28:41.064165+00:00
[2021-01-21 11:28:47,739] {bash.py:135} INFO - Tmp dir root location: 
 /var/folders/s2/xy3ssc8j3ks3whp2f_b8708c0000gp/T
[2021-01-21 11:28:47,740] {bash.py:158} INFO - Running command: great_expectations checkpoint run januarychk
[2021-01-21 11:28:47,759] {bash.py:169} INFO - Output:
[2021-01-21 11:28:51,008] {bash.py:173} INFO - Heads up! This feature is Experimental. It may change. Please give us your feedback!
[2021-01-21 11:28:51,009] {bash.py:173} INFO - Error: No great_expectations directory was found here!
[2021-01-21 11:28:51,010] {bash.py:173} INFO -     - Please check that you are in the correct directory or have specified the correct directory.
[2021-01-21 11:28:51,011] {bash.py:173} INFO -     - If you have never run Great Expectations in this project, please run `great_expectations init` to get started.
[2021-01-21 11:28:51,011] {bash.py:173} INFO - 
[2021-01-21 11:28:51,379] {bash.py:177} INFO - Command exited with return code 1
[2021-01-21 11:28:51,387] {taskinstance.py:1396} ERROR - Bash command failed. The command returned a non-zero exit code.
Traceback (most recent call last):
  File "/Users/sara/p38env_airflow/lib/python3.8/site-packages/airflow/models/taskinstance.py", line 1086, in _run_raw_task
    self._prepare_and_execute_task_with_callbacks(context, task)
  File "/Users/sara/p38env_airflow/lib/python3.8/site-packages/airflow/models/taskinstance.py", line 1260, in _prepare_and_execute_task_with_callbacks
    result = self._execute_task(context, task_copy)
  File "/Users/sara/p38env_airflow/lib/python3.8/site-packages/airflow/models/taskinstance.py", line 1300, in _execute_task
    result = task_copy.execute(context=context)
  File "/Users/sara/p38env_airflow/lib/python3.8/site-packages/airflow/operators/bash.py", line 180, in execute
    raise AirflowException('Bash command failed. The command returned a non-zero exit code.')
airflow.exceptions.AirflowException: Bash command failed. The command returned a non-zero exit code.
[2021-01-21 11:28:51,396] {taskinstance.py:1433} INFO - Marking task as FAILED. dag_id=ge_dag, task_id=validation_task, execution_date=20210121T102841, start_date=20210121T102847, end_date=20210121T102851
[2021-01-21 11:28:51,443] {local_task_job.py:118} INFO - Task exited with return code 1
