[2021-01-25 08:13:11,761] {taskinstance.py:826} INFO - Dependencies all met for <TaskInstance: ge_bash_op_dag.Val_monthlychk 2021-01-25T07:12:36.287717+00:00 [queued]>
[2021-01-25 08:13:11,776] {taskinstance.py:826} INFO - Dependencies all met for <TaskInstance: ge_bash_op_dag.Val_monthlychk 2021-01-25T07:12:36.287717+00:00 [queued]>
[2021-01-25 08:13:11,776] {taskinstance.py:1017} INFO - 
--------------------------------------------------------------------------------
[2021-01-25 08:13:11,777] {taskinstance.py:1018} INFO - Starting attempt 1 of 1
[2021-01-25 08:13:11,777] {taskinstance.py:1019} INFO - 
--------------------------------------------------------------------------------
[2021-01-25 08:13:11,792] {taskinstance.py:1038} INFO - Executing <Task(BashOperator): Val_monthlychk> on 2021-01-25T07:12:36.287717+00:00
[2021-01-25 08:13:11,797] {standard_task_runner.py:51} INFO - Started process 1446 to run task
[2021-01-25 08:13:11,814] {standard_task_runner.py:75} INFO - Running: ['airflow', 'tasks', 'run', 'ge_bash_op_dag', 'Val_monthlychk', '2021-01-25T07:12:36.287717+00:00', '--job-id', '48', '--pool', 'default_pool', '--raw', '--subdir', 'DAGS_FOLDER/ge_bash_op_dag.py', '--cfg-path', '/var/folders/s2/xy3ssc8j3ks3whp2f_b8708c0000gp/T/tmp9p373q5u']
[2021-01-25 08:13:11,826] {standard_task_runner.py:76} INFO - Job 48: Subtask Val_monthlychk
[2021-01-25 08:13:11,958] {logging_mixin.py:103} INFO - Running <TaskInstance: ge_bash_op_dag.Val_monthlychk 2021-01-25T07:12:36.287717+00:00 [running]> on host admins-air.home
[2021-01-25 08:13:12,044] {taskinstance.py:1230} INFO - Exporting the following env vars:
AIRFLOW_CTX_DAG_EMAIL=sara@acloudfrontier.com
AIRFLOW_CTX_DAG_OWNER=sara
AIRFLOW_CTX_DAG_ID=ge_bash_op_dag
AIRFLOW_CTX_TASK_ID=Val_monthlychk
AIRFLOW_CTX_EXECUTION_DATE=2021-01-25T07:12:36.287717+00:00
AIRFLOW_CTX_DAG_RUN_ID=manual__2021-01-25T07:12:36.287717+00:00
[2021-01-25 08:13:12,046] {bash.py:135} INFO - Tmp dir root location: 
 /var/folders/s2/xy3ssc8j3ks3whp2f_b8708c0000gp/T
[2021-01-25 08:13:12,049] {bash.py:158} INFO - Running command: cd /Users/sara/airflow/dags/snowflake && great_expectations checkpoint run monthlychk
[2021-01-25 08:13:12,072] {bash.py:169} INFO - Output:
[2021-01-25 08:13:19,277] {bash.py:173} INFO - Heads up! This feature is Experimental. It may change. Please give us your feedback!
[2021-01-25 08:13:25,811] {bash.py:173} INFO - Validation failed!
[2021-01-25 08:13:25,829] {bash.py:173} INFO - 
[2021-01-25 08:13:25,830] {bash.py:173} INFO - Suite Name                                   Status     Expectations met
[2021-01-25 08:13:25,831] {bash.py:173} INFO - - taxisuite                                  âœ– Failed   5 of 6 (83.33 %)
[2021-01-25 08:13:27,097] {bash.py:177} INFO - Command exited with return code 1
[2021-01-25 08:13:27,108] {taskinstance.py:1396} ERROR - Bash command failed. The command returned a non-zero exit code.
Traceback (most recent call last):
  File "/Users/sara/p38env_airflow/lib/python3.8/site-packages/airflow/models/taskinstance.py", line 1086, in _run_raw_task
    self._prepare_and_execute_task_with_callbacks(context, task)
  File "/Users/sara/p38env_airflow/lib/python3.8/site-packages/airflow/models/taskinstance.py", line 1260, in _prepare_and_execute_task_with_callbacks
    result = self._execute_task(context, task_copy)
  File "/Users/sara/p38env_airflow/lib/python3.8/site-packages/airflow/models/taskinstance.py", line 1300, in _execute_task
    result = task_copy.execute(context=context)
  File "/Users/sara/p38env_airflow/lib/python3.8/site-packages/airflow/operators/bash.py", line 180, in execute
    raise AirflowException('Bash command failed. The command returned a non-zero exit code.')
airflow.exceptions.AirflowException: Bash command failed. The command returned a non-zero exit code.
[2021-01-25 08:13:27,116] {taskinstance.py:1433} INFO - Marking task as FAILED. dag_id=ge_bash_op_dag, task_id=Val_monthlychk, execution_date=20210125T071236, start_date=20210125T071311, end_date=20210125T071327
[2021-01-25 08:13:27,140] {configuration.py:344} WARNING - section/key [smtp/smtp_user] not found in config
[2021-01-25 08:13:27,141] {email.py:184} INFO - Email alerting: attempt 1
[2021-01-25 08:13:27,145] {configuration.py:344} WARNING - section/key [smtp/smtp_user] not found in config
[2021-01-25 08:13:27,145] {email.py:184} INFO - Email alerting: attempt 1
[2021-01-25 08:13:27,146] {taskinstance.py:1446} ERROR - Failed to send email to: ['sara@acloudfrontier.com']
[2021-01-25 08:13:27,147] {taskinstance.py:1447} ERROR - [Errno 61] Connection refused
Traceback (most recent call last):
  File "/Users/sara/p38env_airflow/lib/python3.8/site-packages/airflow/models/taskinstance.py", line 1086, in _run_raw_task
    self._prepare_and_execute_task_with_callbacks(context, task)
  File "/Users/sara/p38env_airflow/lib/python3.8/site-packages/airflow/models/taskinstance.py", line 1260, in _prepare_and_execute_task_with_callbacks
    result = self._execute_task(context, task_copy)
  File "/Users/sara/p38env_airflow/lib/python3.8/site-packages/airflow/models/taskinstance.py", line 1300, in _execute_task
    result = task_copy.execute(context=context)
  File "/Users/sara/p38env_airflow/lib/python3.8/site-packages/airflow/operators/bash.py", line 180, in execute
    raise AirflowException('Bash command failed. The command returned a non-zero exit code.')
airflow.exceptions.AirflowException: Bash command failed. The command returned a non-zero exit code.

During handling of the above exception, another exception occurred:

Traceback (most recent call last):
  File "/Users/sara/p38env_airflow/lib/python3.8/site-packages/airflow/models/taskinstance.py", line 1786, in email_alert
    send_email(self.task.email, subject, html_content)
  File "/Users/sara/p38env_airflow/lib/python3.8/site-packages/airflow/utils/email.py", line 52, in send_email
    return backend(
  File "/Users/sara/p38env_airflow/lib/python3.8/site-packages/airflow/utils/email.py", line 97, in send_email_smtp
    send_mime_email(e_from=smtp_mail_from, e_to=recipients, mime_msg=msg, dryrun=dryrun)
  File "/Users/sara/p38env_airflow/lib/python3.8/site-packages/airflow/utils/email.py", line 186, in send_mime_email
    conn = _get_smtp_connection(smtp_host, smtp_port, smtp_timeout, smtp_ssl)
  File "/Users/sara/p38env_airflow/lib/python3.8/site-packages/airflow/utils/email.py", line 220, in _get_smtp_connection
    else smtplib.SMTP(host=host, port=port, timeout=timeout)
  File "/Library/Frameworks/Python.framework/Versions/3.8/lib/python3.8/smtplib.py", line 253, in __init__
    (code, msg) = self.connect(host, port)
  File "/Library/Frameworks/Python.framework/Versions/3.8/lib/python3.8/smtplib.py", line 339, in connect
    self.sock = self._get_socket(host, port, self.timeout)
  File "/Library/Frameworks/Python.framework/Versions/3.8/lib/python3.8/smtplib.py", line 308, in _get_socket
    return socket.create_connection((host, port), timeout,
  File "/Library/Frameworks/Python.framework/Versions/3.8/lib/python3.8/socket.py", line 808, in create_connection
    raise err
  File "/Library/Frameworks/Python.framework/Versions/3.8/lib/python3.8/socket.py", line 796, in create_connection
    sock.connect(sa)
ConnectionRefusedError: [Errno 61] Connection refused

During handling of the above exception, another exception occurred:

Traceback (most recent call last):
  File "/Users/sara/p38env_airflow/lib/python3.8/site-packages/airflow/models/taskinstance.py", line 1444, in handle_failure
    self.email_alert(error)
  File "/Users/sara/p38env_airflow/lib/python3.8/site-packages/airflow/models/taskinstance.py", line 1788, in email_alert
    send_email(self.task.email, subject, html_content_err)
  File "/Users/sara/p38env_airflow/lib/python3.8/site-packages/airflow/utils/email.py", line 52, in send_email
    return backend(
  File "/Users/sara/p38env_airflow/lib/python3.8/site-packages/airflow/utils/email.py", line 97, in send_email_smtp
    send_mime_email(e_from=smtp_mail_from, e_to=recipients, mime_msg=msg, dryrun=dryrun)
  File "/Users/sara/p38env_airflow/lib/python3.8/site-packages/airflow/utils/email.py", line 186, in send_mime_email
    conn = _get_smtp_connection(smtp_host, smtp_port, smtp_timeout, smtp_ssl)
  File "/Users/sara/p38env_airflow/lib/python3.8/site-packages/airflow/utils/email.py", line 220, in _get_smtp_connection
    else smtplib.SMTP(host=host, port=port, timeout=timeout)
  File "/Library/Frameworks/Python.framework/Versions/3.8/lib/python3.8/smtplib.py", line 253, in __init__
    (code, msg) = self.connect(host, port)
  File "/Library/Frameworks/Python.framework/Versions/3.8/lib/python3.8/smtplib.py", line 339, in connect
    self.sock = self._get_socket(host, port, self.timeout)
  File "/Library/Frameworks/Python.framework/Versions/3.8/lib/python3.8/smtplib.py", line 308, in _get_socket
    return socket.create_connection((host, port), timeout,
  File "/Library/Frameworks/Python.framework/Versions/3.8/lib/python3.8/socket.py", line 808, in create_connection
    raise err
  File "/Library/Frameworks/Python.framework/Versions/3.8/lib/python3.8/socket.py", line 796, in create_connection
    sock.connect(sa)
ConnectionRefusedError: [Errno 61] Connection refused
[2021-01-25 08:13:27,179] {local_task_job.py:118} INFO - Task exited with return code 1
