[2021-01-25 12:48:21,595] {taskinstance.py:826} INFO - Dependencies all met for <TaskInstance: ge_bash_op_dag.Val_monthlychk 2021-01-25T11:47:57.023208+00:00 [queued]>
[2021-01-25 12:48:21,601] {taskinstance.py:826} INFO - Dependencies all met for <TaskInstance: ge_bash_op_dag.Val_monthlychk 2021-01-25T11:47:57.023208+00:00 [queued]>
[2021-01-25 12:48:21,601] {taskinstance.py:1017} INFO - 
--------------------------------------------------------------------------------
[2021-01-25 12:48:21,601] {taskinstance.py:1018} INFO - Starting attempt 1 of 1
[2021-01-25 12:48:21,601] {taskinstance.py:1019} INFO - 
--------------------------------------------------------------------------------
[2021-01-25 12:48:21,609] {taskinstance.py:1038} INFO - Executing <Task(BashOperator): Val_monthlychk> on 2021-01-25T11:47:57.023208+00:00
[2021-01-25 12:48:21,611] {standard_task_runner.py:51} INFO - Started process 17741 to run task
[2021-01-25 12:48:21,618] {standard_task_runner.py:75} INFO - Running: ['airflow', 'tasks', 'run', 'ge_bash_op_dag', 'Val_monthlychk', '2021-01-25T11:47:57.023208+00:00', '--job-id', '94', '--pool', 'default_pool', '--raw', '--subdir', 'DAGS_FOLDER/ge_bash_op_dag.py', '--cfg-path', '/var/folders/s2/xy3ssc8j3ks3whp2f_b8708c0000gp/T/tmptr2d6pk2']
[2021-01-25 12:48:21,621] {standard_task_runner.py:76} INFO - Job 94: Subtask Val_monthlychk
[2021-01-25 12:48:21,655] {logging_mixin.py:103} INFO - Running <TaskInstance: ge_bash_op_dag.Val_monthlychk 2021-01-25T11:47:57.023208+00:00 [running]> on host admins-air.home
[2021-01-25 12:48:21,682] {taskinstance.py:1230} INFO - Exporting the following env vars:
AIRFLOW_CTX_DAG_EMAIL=sara@acloudfrontier.com
AIRFLOW_CTX_DAG_OWNER=sara
AIRFLOW_CTX_DAG_ID=ge_bash_op_dag
AIRFLOW_CTX_TASK_ID=Val_monthlychk
AIRFLOW_CTX_EXECUTION_DATE=2021-01-25T11:47:57.023208+00:00
AIRFLOW_CTX_DAG_RUN_ID=manual__2021-01-25T11:47:57.023208+00:00
[2021-01-25 12:48:21,683] {bash.py:135} INFO - Tmp dir root location: 
 /var/folders/s2/xy3ssc8j3ks3whp2f_b8708c0000gp/T
[2021-01-25 12:48:21,684] {bash.py:158} INFO - Running command: cd /Users/sara/airflow/dags/snowflake && great_expectations checkpoint run monthlychk
[2021-01-25 12:48:21,693] {bash.py:169} INFO - Output:
[2021-01-25 12:48:24,172] {bash.py:173} INFO - Heads up! This feature is Experimental. It may change. Please give us your feedback!
[2021-01-25 12:48:30,697] {bash.py:173} INFO - Validation failed!
[2021-01-25 12:48:30,713] {bash.py:173} INFO - 
[2021-01-25 12:48:30,713] {bash.py:173} INFO - Suite Name                                   Status     Expectations met
[2021-01-25 12:48:30,714] {bash.py:173} INFO - - taxisuite                                  âœ– Failed   4 of 5 (80.0 %)
[2021-01-25 12:48:31,990] {bash.py:177} INFO - Command exited with return code 1
[2021-01-25 12:48:32,001] {taskinstance.py:1396} ERROR - Bash command failed. The command returned a non-zero exit code.
Traceback (most recent call last):
  File "/Users/sara/p38env_airflow/lib/python3.8/site-packages/airflow/models/taskinstance.py", line 1086, in _run_raw_task
    self._prepare_and_execute_task_with_callbacks(context, task)
  File "/Users/sara/p38env_airflow/lib/python3.8/site-packages/airflow/models/taskinstance.py", line 1260, in _prepare_and_execute_task_with_callbacks
    result = self._execute_task(context, task_copy)
  File "/Users/sara/p38env_airflow/lib/python3.8/site-packages/airflow/models/taskinstance.py", line 1300, in _execute_task
    result = task_copy.execute(context=context)
  File "/Users/sara/p38env_airflow/lib/python3.8/site-packages/airflow/operators/bash.py", line 180, in execute
    raise AirflowException('Bash command failed. The command returned a non-zero exit code.')
airflow.exceptions.AirflowException: Bash command failed. The command returned a non-zero exit code.
[2021-01-25 12:48:32,009] {taskinstance.py:1433} INFO - Marking task as FAILED. dag_id=ge_bash_op_dag, task_id=Val_monthlychk, execution_date=20210125T114757, start_date=20210125T114821, end_date=20210125T114832
[2021-01-25 12:48:32,009] {taskinstance.py:1454} ERROR - Failed at executing callback
[2021-01-25 12:48:32,010] {taskinstance.py:1455} ERROR - 'task_name'
Traceback (most recent call last):
  File "/Users/sara/p38env_airflow/lib/python3.8/site-packages/airflow/models/taskinstance.py", line 1086, in _run_raw_task
    self._prepare_and_execute_task_with_callbacks(context, task)
  File "/Users/sara/p38env_airflow/lib/python3.8/site-packages/airflow/models/taskinstance.py", line 1260, in _prepare_and_execute_task_with_callbacks
    result = self._execute_task(context, task_copy)
  File "/Users/sara/p38env_airflow/lib/python3.8/site-packages/airflow/models/taskinstance.py", line 1300, in _execute_task
    result = task_copy.execute(context=context)
  File "/Users/sara/p38env_airflow/lib/python3.8/site-packages/airflow/operators/bash.py", line 180, in execute
    raise AirflowException('Bash command failed. The command returned a non-zero exit code.')
airflow.exceptions.AirflowException: Bash command failed. The command returned a non-zero exit code.

During handling of the above exception, another exception occurred:

Traceback (most recent call last):
  File "/Users/sara/p38env_airflow/lib/python3.8/site-packages/airflow/models/taskinstance.py", line 1452, in handle_failure
    callback(context)
  File "/Users/sara/airflow/dags/ge_bash_op_dag.py", line 51, in notify_email
    title = "Airflow alert: {task_name} Failed".format(**contextDict)
KeyError: 'task_name'
[2021-01-25 12:48:32,044] {local_task_job.py:118} INFO - Task exited with return code 1
